\BOOKMARK [0][-]{section*.1}{Contents}{}% 1
\BOOKMARK [0][-]{chapter.1}{Introduction and motivation}{}% 2
\BOOKMARK [0][-]{chapter.2}{Based Material}{}% 3
\BOOKMARK [1][-]{section.2.1}{Parsing expression grammar}{chapter.2}% 4
\BOOKMARK [1][-]{section.2.2}{difficulties}{chapter.2}% 5
\BOOKMARK [1][-]{section.2.3}{Autumn Parsing Library}{chapter.2}% 6
\BOOKMARK [2][-]{subsection.2.3.1}{Context sensitivity}{section.2.3}% 7
\BOOKMARK [2][-]{subsection.2.3.2}{Principled Stateful Parsing}{section.2.3}% 8
\BOOKMARK [1][-]{section.2.4}{Implementation}{chapter.2}% 9
\BOOKMARK [2][-]{subsection.2.4.1}{Important classes}{section.2.4}% 10
\BOOKMARK [0][-]{chapter.3}{Overview of the solution}{}% 11
\BOOKMARK [1][-]{section.3.1}{side note}{chapter.3}% 12
\BOOKMARK [1][-]{section.3.2}{Overview of the fonctionality}{chapter.3}% 13
\BOOKMARK [2][-]{subsection.3.2.1}{Intellij plugin}{section.3.2}% 14
\BOOKMARK [2][-]{subsection.3.2.2}{Views}{section.3.2}% 15
\BOOKMARK [2][-]{subsection.3.2.3}{Filtering the informations}{section.3.2}% 16
\BOOKMARK [0][-]{chapter.4}{Implementation}{}% 17
\BOOKMARK [1][-]{section.4.1}{Debuggin tool}{chapter.4}% 18
\BOOKMARK [2][-]{subsection.4.1.1}{New implementation for the parsers}{section.4.1}% 19
\BOOKMARK [2][-]{subsection.4.1.2}{New grammar and model Compiler}{section.4.1}% 20
\BOOKMARK [2][-]{subsection.4.1.3}{Syntax Tree generation}{section.4.1}% 21
\BOOKMARK [2][-]{subsection.4.1.4}{Debug Nodes}{section.4.1}% 22
\BOOKMARK [2][-]{subsection.4.1.5}{Syntax tree nodes}{section.4.1}% 23
\BOOKMARK [1][-]{section.4.2}{Plugin Implementation}{chapter.4}% 24
\BOOKMARK [2][-]{subsection.4.2.1}{Event Handler - Message passing}{section.4.2}% 25
\BOOKMARK [2][-]{subsection.4.2.2}{Limitations}{section.4.2}% 26
\BOOKMARK [2][-]{subsection.4.2.3}{execution thread}{section.4.2}% 27
\BOOKMARK [0][-]{chapter.5}{Future work}{}% 28
\BOOKMARK [1][-]{section.5.1}{GUI extentions}{chapter.5}% 29
\BOOKMARK [1][-]{section.5.2}{Debugger extension}{chapter.5}% 30
\BOOKMARK [2][-]{subsection.5.2.1}{Adding hooks}{section.5.2}% 31
\BOOKMARK [1][-]{section.5.3}{Autumn related}{chapter.5}% 32
\BOOKMARK [2][-]{subsection.5.3.1}{Parser implementation}{section.5.3}% 33
\BOOKMARK [0][-]{chapter.6}{validation}{}% 34
\BOOKMARK [1][-]{section.6.1}{Benchmark}{chapter.6}% 35
\BOOKMARK [1][-]{section.6.2}{Debugging Benchmark}{chapter.6}% 36
\BOOKMARK [1][-]{section.6.3}{Debugger in practice}{chapter.6}% 37
\BOOKMARK [2][-]{subsection.6.3.1}{Examples}{section.6.3}% 38
\BOOKMARK [0][-]{chapter.7}{Technical background}{}% 39
\BOOKMARK [1][-]{subsection.7.0.1}{Plugin developpement for Intellij IDE}{chapter.7}% 40
\BOOKMARK [1][-]{section.7.1}{Kotlin}{chapter.7}% 41
\BOOKMARK [1][-]{section.7.2}{TornadoFX framework}{chapter.7}% 42
\BOOKMARK [0][-]{chapter.8}{Related work}{}% 43
\BOOKMARK [1][-]{section.8.1}{The Moldable Debugger: a Framework for Developing Domain-Specific Debuggers}{chapter.8}% 44
\BOOKMARK [1][-]{section.8.2}{Antlr antlr}{chapter.8}% 45
\BOOKMARK [2][-]{subsection.8.2.1}{Antlrworks}{section.8.2}% 46
\BOOKMARK [1][-]{section.8.3}{Ohm}{chapter.8}% 47
\BOOKMARK [0][-]{section*.17}{Bibliography}{}% 48
